<?xml version="1.0" encoding="UTF-8"?>
<!-- Generated by org.testng.reporters.JUnitXMLReporter -->
<testsuite ignored="0" hostname="DESKTOP-9MI9O1Q" failures="0" tests="3" name="Default test" time="9.467" errors="0" timestamp="06 Sep 2021 02:15:49 GMT">
  <testcase classname="com.orangehrm.tests.LoginTests" name="negTestLoginEmptyUsername" time="0.563"/>
  <testcase classname="com.orangehrm.tests.LoginTests" name="negTestLoginBadPassword" time="1.106"/>
  <testcase classname="com.orangehrm.tests.LoginTests" name="testLogin" time="2.24"/>
</testsuite> <!-- Default test -->
