<?xml version="1.0" encoding="UTF-8"?>
<!-- Generated by org.testng.reporters.JUnitXMLReporter -->
<testsuite ignored="0" hostname="DESKTOP-9MI9O1Q" failures="0" tests="3" name="Default test" time="14.432" errors="0" timestamp="16 Aug 2021 02:06:57 GMT">
  <testcase classname="com.orangehrm.tests.LoginTests" name="testLoginEmptyUsername" time="1.039"/>
  <testcase classname="com.orangehrm.tests.LoginTests" name="testLoginBadPassword" time="1.943"/>
  <testcase classname="com.orangehrm.tests.LoginTests" name="testLogin" time="2.041"/>
</testsuite> <!-- Default test -->
