<?xml version="1.0" encoding="UTF-8"?>
<!-- Generated by org.testng.reporters.JUnitXMLReporter -->
<testsuite ignored="0" hostname="DESKTOP-9MI9O1Q" failures="0" tests="3" name="Chrome - Login Tests" time="11.089" errors="0" timestamp="08 Sep 2021 00:47:17 GMT">
  <testcase classname="com.orange.tests.LoginTests" name="negTestLoginEmptyUsername" time="0.371"/>
  <testcase classname="com.orange.tests.LoginTests" name="negTestLoginBadPassword" time="1.164"/>
  <testcase classname="com.orange.tests.LoginTests" name="testLogin" time="2.107"/>
</testsuite> <!-- Chrome - Login Tests -->
