<?xml version="1.0" encoding="UTF-8"?>
<!-- Generated by org.testng.reporters.JUnitXMLReporter -->
<testsuite ignored="0" hostname="DESKTOP-9MI9O1Q" failures="0" tests="2" name="FF - Password Reset Tests" time="12.003" errors="0" timestamp="16 Nov 2021 18:31:44 GMT">
  <testcase classname="com.orange.tests.PasswordResetTests" name="testResetLinkEnabled" time="1.193"/>
  <testcase classname="com.orange.tests.PasswordResetTests" name="testResetSubmission" time="1.124"/>
</testsuite> <!-- FF - Password Reset Tests -->
