<?xml version="1.0" encoding="UTF-8"?>
<!-- Generated by org.testng.reporters.JUnitXMLReporter -->
<testsuite ignored="0" hostname="DESKTOP-9MI9O1Q" failures="0" tests="3" name="FF - Login Tests" time="13.418" errors="0" timestamp="08 Sep 2021 00:47:37 GMT">
  <testcase classname="com.orange.tests.LoginTests" name="negTestLoginEmptyUsername" time="0.419"/>
  <testcase classname="com.orange.tests.LoginTests" name="negTestLoginBadPassword" time="0.959"/>
  <testcase classname="com.orange.tests.LoginTests" name="testLogin" time="1.66"/>
</testsuite> <!-- FF - Login Tests -->
