<?xml version="1.0" encoding="UTF-8"?>
<!-- Generated by org.testng.reporters.JUnitXMLReporter -->
<testsuite ignored="0" hostname="DESKTOP-9MI9O1Q" failures="0" tests="2" name="FF - Password Reset Tests" time="10.745" errors="0" timestamp="08 Sep 2021 00:47:48 GMT">
  <testcase classname="com.orange.tests.PasswordResetTests" name="testResetLinkEnabled" time="0.562"/>
  <testcase classname="com.orange.tests.PasswordResetTests" name="testResetSubmission" time="0.659"/>
</testsuite> <!-- FF - Password Reset Tests -->
