<?xml version="1.0" encoding="UTF-8"?>
<!-- Generated by org.testng.reporters.JUnitXMLReporter -->
<testsuite ignored="0" hostname="DESKTOP-9MI9O1Q" failures="0" tests="3" name="FF - Login Tests" time="14.542" errors="0" timestamp="16 Nov 2021 18:31:32 GMT">
  <testcase classname="com.orange.tests.LoginTests" name="negTestLoginEmptyUsername" time="0.46"/>
  <testcase classname="com.orange.tests.LoginTests" name="negTestLoginBadPassword" time="0.949"/>
  <testcase classname="com.orange.tests.LoginTests" name="testLogin" time="1.687"/>
</testsuite> <!-- FF - Login Tests -->
