<?xml version="1.0" encoding="UTF-8"?>
<!-- Generated by org.testng.reporters.JUnitXMLReporter -->
<testsuite ignored="0" hostname="DESKTOP-9MI9O1Q" failures="0" tests="3" name="Login Tests Chrome" time="12.388" errors="0" timestamp="07 Sep 2021 20:09:31 GMT">
  <testcase classname="com.orange.tests.LoginTests" name="negTestLoginEmptyUsername" time="0.354"/>
  <testcase classname="com.orange.tests.LoginTests" name="negTestLoginBadPassword" time="1.115"/>
  <testcase classname="com.orange.tests.LoginTests" name="testLogin" time="2.314"/>
</testsuite> <!-- Login Tests Chrome -->
