<?xml version="1.0" encoding="UTF-8"?>
<!-- Generated by org.testng.reporters.JUnitXMLReporter -->
<testsuite ignored="6" hostname="DESKTOP-9MI9O1Q" failures="0" tests="1" name="Orange Regression FireFox" time="12.284" errors="0" timestamp="07 Sep 2021 06:44:17 GMT">
  <testcase classname="com.orange.tests.LoginTests" name="testResetLinkEnabled" time="1.603"/>
  <testcase classname="com.orange.tests.BaseTest" name="@BeforeTest setUpTest" time="0.0">
    <ignored/>
  </testcase> <!-- @BeforeTest setUpTest -->
  <testcase classname="com.orange.tests.PasswordResetTests" name="testPasswordReset" time="0.0">
    <ignored/>
  </testcase> <!-- testPasswordReset -->
  <testcase classname="com.orange.tests.LoginTests" name="negTestLoginEmptyUsername" time="0.0">
    <ignored/>
  </testcase> <!-- negTestLoginEmptyUsername -->
  <testcase classname="com.orange.tests.LoginTests" name="negTestLoginBadPassword" time="0.0">
    <ignored/>
  </testcase> <!-- negTestLoginBadPassword -->
  <testcase classname="com.orange.tests.BaseTest" name="@AfterTest tearDown" time="0.0">
    <ignored/>
  </testcase> <!-- @AfterTest tearDown -->
  <testcase classname="com.orange.tests.LoginTests" name="testLogin" time="0.0">
    <ignored/>
  </testcase> <!-- testLogin -->
</testsuite> <!-- Orange Regression FireFox -->
