<?xml version="1.0" encoding="UTF-8"?>
<!-- Generated by org.testng.reporters.JUnitXMLReporter -->
<testsuite ignored="0" hostname="DESKTOP-9MI9O1Q" failures="0" tests="3" name="Orange Regression Chrome" time="11.242" errors="0" timestamp="07 Sep 2021 20:02:11 GMT">
  <testcase classname="com.orange.tests.LoginTests" name="negTestLoginEmptyUsername" time="0.385"/>
  <testcase classname="com.orange.tests.LoginTests" name="negTestLoginBadPassword" time="1.143"/>
  <testcase classname="com.orange.tests.LoginTests" name="testLogin" time="2.241"/>
</testsuite> <!-- Orange Regression Chrome -->
